----------------------------------------
Timestamp: 2024-07-04 13:56:49
Uptime: 20 36, 2 hours, users minutes
Free Disk Space: 356Gi
Used Disk Space: 9,6Gi
Hostname: MacBookvonDario.tbz.local
IP Address: 10.62.109.152
OS Name: Darwin
OS Version: 23.5.0
CPU Model: Apple M3 Pro
CPU Cores: 11
Total Memory: 124,227 MB
Used Memory: 1553,56 MB
Free Memory: 1623,75 MB
----------------------------------------
----------------------------------------
Timestamp: 2024-07-04 14:06:36
Uptime: 20 45, 2 hours, users minutes
Free Disk Space: 356Gi
Used Disk Space: 9,6Gi
Hostname: MacBookvonDario.tbz.local
IP Address: 10.62.109.152
OS Name: Darwin
OS Version: 23.5.0
CPU Model: Apple M3 Pro
CPU Cores: 11
Total Memory: 68,6328 MB
Used Memory: 1674,98 MB
Free Memory: 1675,05 MB
----------------------------------------
----------------------------------------
Timestamp: 2024-07-04 14:27:50
Uptime: 21 07, 3 hours, users minutes
Free Disk Space: 356Gi
Used Disk Space: 9,6Gi
Hostname: MacBookvonDario.tbz.local
IP Address: 10.62.109.152
OS Name: Darwin
OS Version: 23.5.0
CPU Model: Apple M3 Pro
CPU Cores: 11
Total Memory: 121,035 MB
Used Memory: 1639,84 MB
Free Memory: 1652,08 MB
----------------------------------------
